Arguments: 
  /usr/bin/node /usr/share/yarn/bin/yarn.js install

PATH: 
  /home/jonas/.cargo/bin:/mnt/d/Program Files/Microsoft VS Code:/home/jonas/.cargo/bin:/usr/local/sbin:/usr/local/bin:/usr/sbin:/usr/bin:/sbin:/bin:/usr/games:/usr/local/games:/mnt/c/Python27/:/mnt/c/Python27/Scripts:/mnt/c/Program Files/AdoptOpenJDK/jdk-8.0.232.09-hotspot/bin:/mnt/c/Program Files (x86)/Intel/iCLS Client/:/mnt/c/Program Files/Intel/iCLS Client/:/mnt/c/Windows/system32:/mnt/c/Windows:/mnt/c/Windows/System32/Wbem:/mnt/c/Windows/System32/WindowsPowerShell/v1.0/:/mnt/c/Program Files (x86)/Intel/Intel(R) Management Engine Components/DAL:/mnt/c/Program Files/Intel/Intel(R) Management Engine Components/DAL:/mnt/c/Program Files (x86)/Intel/Intel(R) Management Engine Components/IPT:/mnt/c/Program Files/Intel/Intel(R) Management Engine Components/IPT:/mnt/c/Program Files (x86)/NVIDIA Corporation/PhysX/Common:/mnt/c/Program Files/Intel/WiFi/bin/:/mnt/c/Program Files/Common Files/Intel/WirelessCommon/:/mnt/c/WINDOWS/system32:/mnt/c/WINDOWS:/mnt/c/WINDOWS/System32/Wbem:/mnt/c/WINDOWS/System32/WindowsPowerShell/v1.0/:/mnt/c/WINDOWS/System32/OpenSSH/:/mnt/c/Program Files/dotnet/:/mnt/c/Program Files/Calibre2/:/mnt/c/Program Files/Microsoft SQL Server/130/Tools/Binn/:/mnt/c/Program Files/Microsoft SQL Server/Client SDK/ODBC/170/Tools/Binn/:/mnt/c/Program Files/Microsoft VS Code/bin:/mnt/c/Program Files/Microsoft SQL Server/Client SDK/ODBC/130/Tools/Binn/:/mnt/c/Program Files (x86)/Microsoft SQL Server/140/Tools/Binn/:/mnt/c/Program Files/Microsoft SQL Server/140/Tools/Binn/:/mnt/c/Program Files/Microsoft SQL Server/140/DTS/Binn/:/mnt/c/Program Files (x86)/Microsoft SQL Server/150/DTS/Binn/:/mnt/d/programs/Php/php-7.2.22-Win32-VC15-x64/:/mnt/c/ProgramData/ComposerSetup/bin:/mnt/c/Go/bin:/mnt/c/ProgramData/chocolatey/bin:/mnt/d/programs/OpenSSL-Win32/bin:/mnt/c/Program Files/nodejs/:/mnt/c/Program Files/AdoptOpenJDK/jdk8u192-b12/bin:/mnt/c/Program Files/Git/cmd:/mnt/c/Users/jonas/.cargo/bin:/mnt/c/Users/jonas/AppData/Local/Microsoft/WindowsApps:/mnt/c/Program Files/Microsoft VS Code/bin:/mnt/c/Users/jonas/.dotnet/tools:/mnt/c/Program Files/JetBrains/JetBrains Rider 2019.2/bin:/mnt/c/Users/jonas/AppData/Local/Microsoft/WindowsApps:/mnt/c/Program Files/JetBrains/GoLand 2019.2/bin:/mnt/d/programming/exercism:/mnt/d/programs/Docker Toolbox:/mnt/d/programs/Java/jdk-12.0.2/bin:/mnt/d/programs/JetBrains/IntelliJ IDEA 2019.2.2/bin:/mnt/d/programs/Php/php-7.2.22-Win32-VC15-x64/:/mnt/c/Users/jonas/AppData/Roaming/Composer/vendor/bin:/mnt/d/programs/JetBrains/WebStorm 2019.2.3/bin:/mnt/c/Users/jonas/go/bin:/mnt/c/Users/jonas/AppData/Local/atom/bin:/mnt/c/Program Files/JetBrains/IntelliJ IDEA Community Edition 2019.2.4/bin:/mnt/d/downloads/flutter_windows_v1.9.1+hotfix.6-stable/flutter/bin:/mnt/c/Users/jonas/AppData/Roaming/npm:/mnt/c/Users/jonas/AppData/Roaming/Composer/vendor/bin:/mnt/c/Users/jonas.cargo/bin:/snap/bin:/usr/local/go/bin

Yarn version: 
  1.21.1

Node version: 
  13.8.0

Platform: 
  linux x64

Trace: 
  Error: EACCES: permission denied, unlink '/home/jonas/programming/node/API/node_modules/.bin/mime'

npm manifest: 
  {
    "name": "NovelCOVID-API",
    "version": "1.0.1",
    "description": "A simple Node API for getting coronavirus cases from scraped information.",
    "main": "server.js",
    "scripts": {
      "start": "node server.js"
    },
    "dependencies": {
      "express": "^4.16.3",
      "request": "*",
      "cheerio": "^0.22.0",
      "axios": "^0.19.2",
      "quick.db": "^6.3.2"
    },
    "repository": {
      "url": "https://github.com/NovelCOVID/API"
    },
    "license": "MIT",
    "keywords": [
      "API",
      "coronavirus",
      "covid"
    ]
  }

yarn manifest: 
  No manifest

Lockfile: 
  No lockfile
